<?xml version="1.0" encoding="UTF-8"?>
<!-- Generated by org.testng.reporters.JUnitXMLReporter -->
<testsuite ignored="0" hostname="AbhishekDixit" failures="0" tests="1" name="Login Validation" time="20.776" errors="0" timestamp="2022-11-11T16:52:23 IST">
  <testcase classname="com.crm.qa.testcases.LoginPageTest" name="@BeforeMethod setup" time="20.68">
    <failure type="java.lang.NullPointerException" message="Cannot invoke &amp;quot;java.util.Properties.getProperty(String)&amp;quot; because &amp;quot;this.prop&amp;quot; is null">
      <![CDATA[java.lang.NullPointerException: Cannot invoke "java.util.Properties.getProperty(String)" because "this.prop" is null
at com.crm.qa.testcases.LoginPageTest.setup(LoginPageTest.java:26)
at java.base/java.util.ArrayList.forEach(ArrayList.java:1511)
... Removed 31 stack frames]]>
    </failure>
  </testcase> <!-- @BeforeMethod setup -->
  <testcase classname="com.crm.qa.testcases.LoginPageTest" name="verifycrmprolabeltest" time="0.0">
    <skipped/>
  </testcase> <!-- verifycrmprolabeltest -->
</testsuite> <!-- Login Validation -->
